trainDataset length(train part): 995
testDataset length(train part): 125
valDataset length(train part): 124

Pixel distribution for the set Train:
Class 0: 1340623799 pixels
Class 1: 31459921 pixels

Pixel distribution for the set Validation:
Class 0: 171479679 pixels
Class 1: 3984321 pixels

Pixel distribution for the set Test:
Class 0: 166224835 pixels
Class 1: 4038165 pixels

PyTorch version: 2.6.0+cu118
Torchvision version: 0.21.0+cpu
GPU available: True
cuda version: 11.8
Epoch 1/50 - Train Loss: 0.5028, Acc: 0.9301, Dice: 0.2056, IoU: 0.1223 - Val Loss: 0.4609, Acc: 0.9629, Dice: 0.2231, IoU: 0.1384 - Test Loss: 0.4599, Acc: 0.9633, Dice: 0.2193, IoU: 0.1372
Epoch 2/50 - Train Loss: 0.4329, Acc: 0.9681, Dice: 0.2290, IoU: 0.1455 - Val Loss: 0.4223, Acc: 0.9726, Dice: 0.2769, IoU: 0.1828 - Test Loss: 0.4217, Acc: 0.9715, Dice: 0.2528, IoU: 0.1688
Epoch 3/50 - Train Loss: 0.3997, Acc: 0.9728, Dice: 0.2836, IoU: 0.1886 - Val Loss: 0.3901, Acc: 0.9752, Dice: 0.3355, IoU: 0.2302 - Test Loss: 0.3896, Acc: 0.9740, Dice: 0.3097, IoU: 0.2131
Epoch 4/50 - Train Loss: 0.3728, Acc: 0.9752, Dice: 0.3479, IoU: 0.2402 - Val Loss: 0.3590, Acc: 0.9762, Dice: 0.3867, IoU: 0.2739 - Test Loss: 0.3591, Acc: 0.9744, Dice: 0.3457, IoU: 0.2425
Epoch 5/50 - Train Loss: 0.3481, Acc: 0.9772, Dice: 0.3874, IoU: 0.2740 - Val Loss: 0.3393, Acc: 0.9798, Dice: 0.4550, IoU: 0.3347 - Test Loss: 0.3397, Acc: 0.9778, Dice: 0.4141, IoU: 0.3020
Epoch 6/50 - Train Loss: 0.3253, Acc: 0.9791, Dice: 0.4264, IoU: 0.3090 - Val Loss: 0.3111, Acc: 0.9806, Dice: 0.3227, IoU: 0.2303 - Test Loss: 0.3111, Acc: 0.9798, Dice: 0.3316, IoU: 0.2373
Epoch 7/50 - Train Loss: 0.3018, Acc: 0.9807, Dice: 0.4554, IoU: 0.3369 - Val Loss: 0.2887, Acc: 0.9803, Dice: 0.2596, IoU: 0.1830 - Test Loss: 0.2879, Acc: 0.9803, Dice: 0.2920, IoU: 0.2063
Epoch 8/50 - Train Loss: 0.2789, Acc: 0.9817, Dice: 0.4675, IoU: 0.3521 - Val Loss: 0.2721, Acc: 0.9828, Dice: 0.4583, IoU: 0.3501 - Test Loss: 0.2710, Acc: 0.9827, Dice: 0.4457, IoU: 0.3427
Epoch 9/50 - Train Loss: 0.2562, Acc: 0.9831, Dice: 0.5026, IoU: 0.3869 - Val Loss: 0.2487, Acc: 0.9824, Dice: 0.4085, IoU: 0.3102 - Test Loss: 0.2468, Acc: 0.9827, Dice: 0.4194, IoU: 0.3212
Epoch 10/50 - Train Loss: 0.2362, Acc: 0.9840, Dice: 0.5260, IoU: 0.4109 - Val Loss: 0.2314, Acc: 0.9793, Dice: 0.5451, IoU: 0.4155 - Test Loss: 0.2305, Acc: 0.9785, Dice: 0.5462, IoU: 0.4144
Epoch 11/50 - Train Loss: 0.2182, Acc: 0.9846, Dice: 0.5394, IoU: 0.4263 - Val Loss: 0.2089, Acc: 0.9840, Dice: 0.4884, IoU: 0.3839 - Test Loss: 0.2070, Acc: 0.9843, Dice: 0.4891, IoU: 0.3891
Epoch 12/50 - Train Loss: 0.2011, Acc: 0.9854, Dice: 0.5605, IoU: 0.4474 - Val Loss: 0.2078, Acc: 0.9802, Dice: 0.5537, IoU: 0.4246 - Test Loss: 0.2044, Acc: 0.9814, Dice: 0.5907, IoU: 0.4602
Epoch 13/50 - Train Loss: 0.1856, Acc: 0.9861, Dice: 0.5777, IoU: 0.4657 - Val Loss: 0.1846, Acc: 0.9828, Dice: 0.5711, IoU: 0.4525 - Test Loss: 0.1820, Acc: 0.9837, Dice: 0.5954, IoU: 0.4734
Epoch 14/50 - Train Loss: 0.1717, Acc: 0.9864, Dice: 0.5872, IoU: 0.4762 - Val Loss: 0.1651, Acc: 0.9854, Dice: 0.5209, IoU: 0.4214 - Test Loss: 0.1627, Acc: 0.9859, Dice: 0.5205, IoU: 0.4215
Epoch 15/50 - Train Loss: 0.1591, Acc: 0.9867, Dice: 0.6007, IoU: 0.4895 - Val Loss: 0.1571, Acc: 0.9850, Dice: 0.5905, IoU: 0.4815 - Test Loss: 0.1543, Acc: 0.9857, Dice: 0.6092, IoU: 0.4949
Epoch 16/50 - Train Loss: 0.1469, Acc: 0.9872, Dice: 0.6069, IoU: 0.4989 - Val Loss: 0.1469, Acc: 0.9843, Dice: 0.4784, IoU: 0.3804 - Test Loss: 0.1428, Acc: 0.9859, Dice: 0.5184, IoU: 0.4201
Epoch 17/50 - Train Loss: 0.1353, Acc: 0.9876, Dice: 0.6188, IoU: 0.5112 - Val Loss: 0.1356, Acc: 0.9849, Dice: 0.5817, IoU: 0.4714 - Test Loss: 0.1324, Acc: 0.9861, Dice: 0.6087, IoU: 0.4974
Epoch 18/50 - Train Loss: 0.1248, Acc: 0.9878, Dice: 0.6255, IoU: 0.5187 - Val Loss: 0.1285, Acc: 0.9863, Dice: 0.6083, IoU: 0.5041 - Test Loss: 0.1251, Acc: 0.9873, Dice: 0.6186, IoU: 0.5143
Epoch 19/50 - Train Loss: 0.1147, Acc: 0.9884, Dice: 0.6407, IoU: 0.5355 - Val Loss: 0.1149, Acc: 0.9862, Dice: 0.6266, IoU: 0.5212 - Test Loss: 0.1114, Acc: 0.9871, Dice: 0.6377, IoU: 0.5284
Epoch 20/50 - Train Loss: 0.1058, Acc: 0.9888, Dice: 0.6538, IoU: 0.5509 - Val Loss: 0.1113, Acc: 0.9861, Dice: 0.6373, IoU: 0.5248 - Test Loss: 0.1074, Acc: 0.9870, Dice: 0.6484, IoU: 0.5360
Epoch 21/50 - Train Loss: 0.0981, Acc: 0.9889, Dice: 0.6634, IoU: 0.5588 - Val Loss: 0.0998, Acc: 0.9866, Dice: 0.5457, IoU: 0.4509 - Test Loss: 0.0952, Acc: 0.9882, Dice: 0.5847, IoU: 0.4906
Epoch 22/50 - Train Loss: 0.0899, Acc: 0.9894, Dice: 0.6702, IoU: 0.5687 - Val Loss: 0.0877, Acc: 0.9874, Dice: 0.6065, IoU: 0.5077 - Test Loss: 0.0842, Acc: 0.9884, Dice: 0.6216, IoU: 0.5231
Epoch 23/50 - Train Loss: 0.0829, Acc: 0.9897, Dice: 0.6821, IoU: 0.5816 - Val Loss: 0.0878, Acc: 0.9871, Dice: 0.6592, IoU: 0.5508 - Test Loss: 0.0841, Acc: 0.9880, Dice: 0.6690, IoU: 0.5615
Epoch 24/50 - Train Loss: 0.0768, Acc: 0.9899, Dice: 0.6874, IoU: 0.5897 - Val Loss: 0.0833, Acc: 0.9873, Dice: 0.6155, IoU: 0.5146 - Test Loss: 0.0784, Acc: 0.9889, Dice: 0.6377, IoU: 0.5417
Epoch 25/50 - Train Loss: 0.0711, Acc: 0.9902, Dice: 0.6969, IoU: 0.5980 - Val Loss: 0.0774, Acc: 0.9877, Dice: 0.6490, IoU: 0.5464 - Test Loss: 0.0723, Acc: 0.9889, Dice: 0.6629, IoU: 0.5597
Epoch 26/50 - Train Loss: 0.0664, Acc: 0.9903, Dice: 0.7035, IoU: 0.6047 - Val Loss: 0.0756, Acc: 0.9857, Dice: 0.6588, IoU: 0.5452 - Test Loss: 0.0709, Acc: 0.9875, Dice: 0.6930, IoU: 0.5818
Epoch 27/50 - Train Loss: 0.0622, Acc: 0.9903, Dice: 0.7009, IoU: 0.6015 - Val Loss: 0.0691, Acc: 0.9878, Dice: 0.6630, IoU: 0.5635 - Test Loss: 0.0636, Acc: 0.9893, Dice: 0.6880, IoU: 0.5857
Epoch 28/50 - Train Loss: 0.0575, Acc: 0.9909, Dice: 0.7156, IoU: 0.6193 - Val Loss: 0.0665, Acc: 0.9874, Dice: 0.5785, IoU: 0.4851 - Test Loss: 0.0606, Acc: 0.9891, Dice: 0.6133, IoU: 0.5227
Epoch 29/50 - Train Loss: 0.0541, Acc: 0.9909, Dice: 0.7228, IoU: 0.6265 - Val Loss: 0.0608, Acc: 0.9883, Dice: 0.6486, IoU: 0.5508 - Test Loss: 0.0551, Acc: 0.9898, Dice: 0.6675, IoU: 0.5758
Epoch 30/50 - Train Loss: 0.0507, Acc: 0.9911, Dice: 0.7314, IoU: 0.6353 - Val Loss: 0.0574, Acc: 0.9883, Dice: 0.6723, IoU: 0.5720 - Test Loss: 0.0512, Acc: 0.9899, Dice: 0.7012, IoU: 0.6020
Epoch 31/50 - Train Loss: 0.0472, Acc: 0.9915, Dice: 0.7437, IoU: 0.6492 - Val Loss: 0.0579, Acc: 0.9864, Dice: 0.5241, IoU: 0.4346 - Test Loss: 0.0511, Acc: 0.9886, Dice: 0.5892, IoU: 0.4998
Epoch 32/50 - Train Loss: 0.0444, Acc: 0.9917, Dice: 0.7469, IoU: 0.6531 - Val Loss: 0.0544, Acc: 0.9880, Dice: 0.5933, IoU: 0.5024 - Test Loss: 0.0478, Acc: 0.9898, Dice: 0.6338, IoU: 0.5488
Epoch 33/50 - Train Loss: 0.0416, Acc: 0.9920, Dice: 0.7551, IoU: 0.6612 - Val Loss: 0.0532, Acc: 0.9878, Dice: 0.6751, IoU: 0.5733 - Test Loss: 0.0458, Acc: 0.9902, Dice: 0.7145, IoU: 0.6202
Epoch 34/50 - Train Loss: 0.0395, Acc: 0.9920, Dice: 0.7548, IoU: 0.6630 - Val Loss: 0.0500, Acc: 0.9884, Dice: 0.6169, IoU: 0.5271 - Test Loss: 0.0447, Acc: 0.9897, Dice: 0.6419, IoU: 0.5459
Epoch 35/50 - Train Loss: 0.0374, Acc: 0.9922, Dice: 0.7605, IoU: 0.6695 - Val Loss: 0.0502, Acc: 0.9878, Dice: 0.5830, IoU: 0.4907 - Test Loss: 0.0438, Acc: 0.9896, Dice: 0.6292, IoU: 0.5394
Epoch 36/50 - Train Loss: 0.0359, Acc: 0.9922, Dice: 0.7657, IoU: 0.6736 - Val Loss: 0.0467, Acc: 0.9888, Dice: 0.6320, IoU: 0.5413 - Test Loss: 0.0403, Acc: 0.9904, Dice: 0.6590, IoU: 0.5721
Epoch 37/50 - Train Loss: 0.0334, Acc: 0.9926, Dice: 0.7725, IoU: 0.6819 - Val Loss: 0.0447, Acc: 0.9893, Dice: 0.6977, IoU: 0.6009 - Test Loss: 0.0383, Acc: 0.9908, Dice: 0.7298, IoU: 0.6307
Epoch 38/50 - Train Loss: 0.0318, Acc: 0.9928, Dice: 0.7836, IoU: 0.6927 - Val Loss: 0.0432, Acc: 0.9891, Dice: 0.6776, IoU: 0.5827 - Test Loss: 0.0361, Acc: 0.9910, Dice: 0.7127, IoU: 0.6224
Epoch 39/50 - Train Loss: 0.0302, Acc: 0.9930, Dice: 0.7863, IoU: 0.6976 - Val Loss: 0.0434, Acc: 0.9890, Dice: 0.6477, IoU: 0.5622 - Test Loss: 0.0362, Acc: 0.9907, Dice: 0.6817, IoU: 0.5906
Epoch 40/50 - Train Loss: 0.0288, Acc: 0.9931, Dice: 0.7941, IoU: 0.7043 - Val Loss: 0.0429, Acc: 0.9891, Dice: 0.6368, IoU: 0.5485 - Test Loss: 0.0359, Acc: 0.9905, Dice: 0.6617, IoU: 0.5726
Epoch 41/50 - Train Loss: 0.0272, Acc: 0.9933, Dice: 0.7992, IoU: 0.7115 - Val Loss: 0.0400, Acc: 0.9898, Dice: 0.7289, IoU: 0.6330 - Test Loss: 0.0327, Acc: 0.9913, Dice: 0.7517, IoU: 0.6602
Epoch 42/50 - Train Loss: 0.0267, Acc: 0.9933, Dice: 0.7979, IoU: 0.7110 - Val Loss: 0.0404, Acc: 0.9895, Dice: 0.6673, IoU: 0.5780 - Test Loss: 0.0330, Acc: 0.9910, Dice: 0.7037, IoU: 0.6130
Epoch 43/50 - Train Loss: 0.0253, Acc: 0.9935, Dice: 0.8019, IoU: 0.7152 - Val Loss: 0.0406, Acc: 0.9888, Dice: 0.7079, IoU: 0.6044 - Test Loss: 0.0330, Acc: 0.9903, Dice: 0.7320, IoU: 0.6322
Epoch 44/50 - Train Loss: 0.0243, Acc: 0.9936, Dice: 0.8073, IoU: 0.7208 - Val Loss: 0.0445, Acc: 0.9875, Dice: 0.7253, IoU: 0.6070 - Test Loss: 0.0356, Acc: 0.9892, Dice: 0.7460, IoU: 0.6368
Epoch 45/50 - Train Loss: 0.0235, Acc: 0.9938, Dice: 0.8122, IoU: 0.7270 - Val Loss: 0.0371, Acc: 0.9902, Dice: 0.7226, IoU: 0.6275 - Test Loss: 0.0293, Acc: 0.9916, Dice: 0.7466, IoU: 0.6567
Epoch 46/50 - Train Loss: 0.0227, Acc: 0.9938, Dice: 0.8143, IoU: 0.7290 - Val Loss: 0.0382, Acc: 0.9895, Dice: 0.7387, IoU: 0.6374 - Test Loss: 0.0302, Acc: 0.9912, Dice: 0.7670, IoU: 0.6724
Epoch 47/50 - Train Loss: 0.0220, Acc: 0.9939, Dice: 0.8195, IoU: 0.7349 - Val Loss: 0.0378, Acc: 0.9891, Dice: 0.7394, IoU: 0.6353 - Test Loss: 0.0302, Acc: 0.9908, Dice: 0.7595, IoU: 0.6613
Epoch 48/50 - Train Loss: 0.0211, Acc: 0.9940, Dice: 0.8227, IoU: 0.7385 - Val Loss: 0.0379, Acc: 0.9889, Dice: 0.7206, IoU: 0.6180 - Test Loss: 0.0296, Acc: 0.9907, Dice: 0.7499, IoU: 0.6530
Epoch 49/50 - Train Loss: 0.0204, Acc: 0.9942, Dice: 0.8289, IoU: 0.7454 - Val Loss: 0.0401, Acc: 0.9894, Dice: 0.6544, IoU: 0.5626 - Test Loss: 0.0309, Acc: 0.9911, Dice: 0.6783, IoU: 0.5944
Early stopping
----------------------------------------------------------------
        Layer (type)               Output Shape         Param #
================================================================
            Conv2d-1         [-1, 16, 512, 512]             448
       BatchNorm2d-2         [-1, 16, 512, 512]              32
              ReLU-3         [-1, 16, 512, 512]               0
         MaxPool2d-4         [-1, 16, 256, 256]               0
            Conv2d-5         [-1, 32, 256, 256]           4,640
       BatchNorm2d-6         [-1, 32, 256, 256]              64
              ReLU-7         [-1, 32, 256, 256]               0
         MaxPool2d-8         [-1, 32, 128, 128]               0
            Conv2d-9         [-1, 64, 128, 128]          18,496
      BatchNorm2d-10         [-1, 64, 128, 128]             128
             ReLU-11         [-1, 64, 128, 128]               0
        MaxPool2d-12           [-1, 64, 64, 64]               0
           Conv2d-13          [-1, 128, 64, 64]          73,856
      BatchNorm2d-14          [-1, 128, 64, 64]             256
             ReLU-15          [-1, 128, 64, 64]               0
           Conv2d-16         [-1, 64, 128, 128]         110,656
      BatchNorm2d-17         [-1, 64, 128, 128]             128
             ReLU-18         [-1, 64, 128, 128]               0
           Conv2d-19         [-1, 32, 256, 256]          27,680
      BatchNorm2d-20         [-1, 32, 256, 256]              64
             ReLU-21         [-1, 32, 256, 256]               0
           Conv2d-22         [-1, 16, 512, 512]           6,928
      BatchNorm2d-23         [-1, 16, 512, 512]              32
             ReLU-24         [-1, 16, 512, 512]               0
           Conv2d-25          [-1, 1, 512, 512]              17
================================================================
Total params: 243,425
Trainable params: 243,425
Non-trainable params: 0
----------------------------------------------------------------
Input size (MB): 3.00
Forward/backward pass size (MB): 364.00
Params size (MB): 0.93
Estimated Total Size (MB): 367.93
----------------------------------------------------------------
--- Final evaluation on test set ---
Test Dice:      0.7762
Test IoU:       0.6842
Test Hausdorff: 129.2380

Process finished with exit code 0